(---------------------------------------------------------------------)
(                                                                     )
(    Allegro Netrev Import Logic                                      )
(                                                                     )
(    Drawing          : io_4di_4do.brd                                )
(    Software Version : 17.2S007                                      )
(    Date/Time        : Sun Oct 14 10:12:05 2018                      )
(                                                                     )
(---------------------------------------------------------------------)


------ Directives ------------

Ripup etch:                  No
Ripup delete first segment:  No
Ripup retain bondwire:       No
Ripup symbols:               Always
Missing symbol has error:    No
DRC update:                  Yes
Schematic directory:         'G:/Work/sh-z-004/design/sch'
Design Directory:            'G:/Work/sh-z-004/design/pcb'
Old design name:             'G:/Work/sh-z-004/design/pcb/io_4di_4do.brd'
New design name:             'G:/Work/sh-z-004/design/pcb/io_4di_4do.brd'

CmdLine: netrev -$ -i G:/Work/sh-z-004/design/sch -y 1 -h -q netrev_constraint_report.xml G:/Work/sh-z-004/design/pcb/#Taaaaac13624.tmp

------ Preparing to read pst files ------

Starting to read G:/Work/sh-z-004/design/sch/pstchip.dat 
   Finished reading G:/Work/sh-z-004/design/sch/pstchip.dat (00:00:00.05)
Starting to read G:/Work/sh-z-004/design/sch/pstxprt.dat 
   Finished reading G:/Work/sh-z-004/design/sch/pstxprt.dat (00:00:00.00)
Starting to read G:/Work/sh-z-004/design/sch/pstxnet.dat 
   Finished reading G:/Work/sh-z-004/design/sch/pstxnet.dat (00:00:00.00)

------ Oversights/Warnings/Errors ------


------ Library Paths ------
MODULEPATH =  . 
           C:/Cadence/SPB_17.2/share/local/pcb/modules 
           G:/Cadence/Package_Symbol/ 

PSMPATH =  G:/Cadence/Package_Symbol/ 
           G:/Cadence/PADs/ 
           G:/Cadence/Shape/ 
           . 
           symbols 
           .. 
           ../symbols 
           C:/Cadence/SPB_17.2/share/local/pcb/symbols 
           C:/Cadence/SPB_17.2/share/pcb/pcb_lib/symbols 
           C:/Cadence/SPB_17.2/share/pcb/allegrolib/symbols 

PADPATH =  . 
           symbols 
           .. 
           ../symbols 
           C:/Cadence/SPB_17.2/share/local/pcb/padstacks 
           C:/Cadence/SPB_17.2/share/pcb/pcb_lib/symbols 
           C:/Cadence/SPB_17.2/share/pcb/allegrolib/symbols 
           G:/Cadence/PADs/ 


------ Summary Statistics ------


netrev run on Oct 14 10:12:05 2018
   DESIGN NAME : 'IO_TWO_ETH'
   PACKAGING ON Aug  8 2016 18:41:50

   COMPILE 'logic'
   CHECK_PIN_NAMES OFF
   CROSS_REFERENCE OFF
   FEEDBACK OFF
   INCREMENTAL OFF
   INTERFACE_TYPE PHYSICAL
   MAX_ERRORS 500
   MERGE_MINIMUM 5
   NET_NAME_CHARS '#%&()*+-./:=>?@[]^_`|'
   NET_NAME_LENGTH 24
   OVERSIGHTS ON
   REPLACE_CHECK OFF
   SINGLE_NODE_NETS ON
   SPLIT_MINIMUM 0
   SUPPRESS   20
   WARNINGS ON

 No error detected
 No oversight detected
 No warning detected

cpu time      0:00:48
elapsed time  0:00:00

