(---------------------------------------------------------------------)
(                                                                     )
(    QUICKPLACE LOG                                                   )
(                                                                     )
(    Drawing          : io_4di_4do.brd                                )
(    Software Version : 17.2S007                                      )
(    Date/Time        : Sat Oct 13 16:34:37 2018                      )
(                                                                     )
(---------------------------------------------------------------------)


State: Placing on layer TOP

         Placed symbol:  MCU1 / STM32F407VET_LQFP100_STM32F407V / LQFP100 at (10.484 102.484)
         Placed symbol:  U1 / KSZ8863RLL_LQFP48_KSZ8863RLL / LQFP48 at (27.298 98.884)
         Placed symbol:  U2 / PS2801-4/SM_SOP16_PS2801-4/SM / SOP16 at (36.104 102.400)
         Placed symbol:  J2 / RJ45_HR911105A_RJ45_HR911105A_1 / RJ45_HR911105A at (58.034 96.851)
         Placed symbol:  J1 / RJ45_HR911105A_RJ45_HR911105A_E / RJ45_HR911105A at (75.639 96.851)
         Placed symbol:  J4 / C1X8GEN_C1X8_P381_DO / C1X8_P381 at (81.920 120.600)
         Placed symbol:  J5 / C1X8GEN_C1X8_P381_DI / C1X8_P381 at (85.496 120.600)
         Placed symbol:  U4 / GD25Q64C_SOIC8_208MIL_W25Q64 / SOIC8_208MIL at (88.800 90.300)
         Placed symbol:  J6 / C1X6GEN_C1X6_RELAY / C1X6 at (88.900 83.400)
         Placed symbol:  J7 / C2X3_C2X3_SWD / C2X3 at (89.276 67.500)
         Placed symbol:  K2 / HF46F_HF46F_HF46F / HF46F at (89.176 54.500)
         Placed symbol:  K3 / HF46F_HF46F_HF46F / HF46F at (89.176 46.100)
         Placed symbol:  K1 / HF46F_HF46F_HF46F / HF46F at (89.176 37.700)
         Placed symbol:  Y1 / CRYSTAL-4PIN_1_SMD3225_CRYSTAL_ / SMD3225_CRYSTAL at (88.400 32.365)
         Placed symbol:  U3 / B2403S_B2403S_B2403 / B2403S at (89.500 24.654)
         Placed symbol:  K4 / HF46F_HF46F_HF46F / HF46F at (89.176 16.354)
         Placed symbol:  Q3 / MOSFET N GSD_SOT23_MOSFET_N_GSD / SOT23_MOSFET_N_GSD at (88.000 11.319)
         Placed symbol:  D8 / SM712_SOT23_D_NUP2105LT1G / SOT23_D at (88.000 7.234)
         Placed symbol:  D7 / SM712_SOT23_D_NUP2105LT1G / SOT23_D at (88.000 3.149)
         Placed symbol:  Q4 / MOSFET N GSD_SOT23_MOSFET_N_GSD / SOT23_MOSFET_N_GSD at (1.000 123.150)
         Placed symbol:  Q2 / MOSFET N GSD_SOT23_MOSFET_N_GSD / SOT23_MOSFET_N_GSD at (4.400 123.150)
         Placed symbol:  Q1 / MOSFET N GSD_SOT23_MOSFET_N_GSD / SOT23_MOSFET_N_GSD at (7.800 123.150)
         Placed symbol:  L3 / INDUCTOR_SMD_L_1210_6.8UH / SMD_L_1210 at (12.376 126.500)
         Placed symbol:  D2 / DIODE BI-DIR TRIG_DO-214AC_SMAJ / DO-214AC at (16.376 127.300)
         Placed symbol:  F1 / FUSE_SMD_R_1206_500MA / SMD_R_1206 at (20.552 125.800)
         Placed symbol:  D1 / DIODE_SMAF_1N5822 / SMAF at (24.052 127.300)
         Placed symbol:  J3 / C1X2_C1X2_P381_PWR / C1X2_P381 at (28.228 127.510)
         Placed symbol:  R10 / RESISTOR_SMD_R_0805_51R / SMD_R_0805 at (31.504 124.911)
         Placed symbol:  R12 / RESISTOR_SMD_R_0805_51R / SMD_R_0805 at (34.430 124.911)
         Placed symbol:  R13 / RESISTOR_SMD_R_0805_51R / SMD_R_0805 at (37.356 124.911)
         Placed symbol:  R14 / RESISTOR_SMD_R_0805_51R / SMD_R_0805 at (40.282 124.911)
         Placed symbol:  R3 / RESISTOR_SMD_R_0805_51R / SMD_R_0805 at (43.208 124.911)
         Placed symbol:  R5 / RESISTOR_SMD_R_0805_51R / SMD_R_0805 at (46.134 124.911)
         Placed symbol:  R6 / RESISTOR_SMD_R_0805_51R / SMD_R_0805 at (49.060 124.911)
         Placed symbol:  R7 / RESISTOR_SMD_R_0805_51R / SMD_R_0805 at (51.986 124.911)
         Placed symbol:  R16 / RESISTOR_SMD_R_0805_220R / SMD_R_0805 at (54.912 124.911)
         Placed symbol:  R17 / RESISTOR_SMD_R_0805_220R / SMD_R_0805 at (57.838 124.911)
         Placed symbol:  R21 / RESISTOR_SMD_R_0805_220R / SMD_R_0805 at (60.764 124.911)
         Placed symbol:  R22 / RESISTOR_SMD_R_0805_220R / SMD_R_0805 at (63.690 124.911)
         Placed symbol:  R43 / RESISTOR_SMD_R_0805_1.5K / SMD_R_0805 at (66.616 124.911)
         Placed symbol:  C20 / CAP NP_SMD_C_0805_100NF/50V / SMD_C_0805 at (69.542 124.911)
         Placed symbol:  C19 / CAP NP_SMD_C_1206_10UF/50V / SMD_C_1206 at (72.568 125.800)
         Placed symbol:  C36 / CAP NP_SMD_C_0805_10UF / SMD_C_0805 at (75.644 124.911)
         Placed symbol:  C39 / CAP NP_SMD_C_0805_10UF / SMD_C_0805 at (78.570 124.911)
         Placed symbol:  C10 / CAP NP_SMD_C_0805_100NF / SMD_C_0805 at (81.496 124.911)
         Placed symbol:  C27 / CAP NP_SMD_C_1206_10UF/50V / SMD_C_1206 at (84.522 125.800)
         Placed symbol:  C24 / CAP NP_SMD_C_0805_100NF / SMD_C_0805 at (111.352 91.000)
         Placed symbol:  R34 / RESISTOR_SMD_R_0805_100 / SMD_R_0805 at (111.352 87.589)
         Placed symbol:  C26 / CAP NP_SMD_C_0805_100NF / SMD_C_0805 at (111.352 84.178)
         Placed symbol:  C41 / CAP NP_SMD_C_0805_100NF / SMD_C_0805 at (111.352 80.767)
         Placed symbol:  C12 / CAP NP_SMD_C_0805_100NF / SMD_C_0805 at (111.352 77.356)
         Placed symbol:  C18 / CAP NP_SMD_C_0805_100NF / SMD_C_0805 at (111.352 73.945)
         Placed symbol:  C28 / CAP NP_SMD_C_0805_100NF / SMD_C_0805 at (111.352 70.534)
         Placed symbol:  C29 / CAP NP_SMD_C_0805_100NF / SMD_C_0805 at (111.352 67.123)
         Placed symbol:  C32 / CAP NP_SMD_C_0805_100NF / SMD_C_0805 at (111.352 63.712)
         Placed symbol:  C37 / CAP NP_SMD_C_0805_100NF / SMD_C_0805 at (111.352 60.301)
         Placed symbol:  C4 / CAP NP_SMD_C_0805_100NF / SMD_C_0805 at (111.352 56.890)
         Placed symbol:  C8 / CAP NP_SMD_C_0805_100NF / SMD_C_0805 at (111.352 53.479)
         Placed symbol:  C11 / CAP NP_SMD_C_0805_100NF / SMD_C_0805 at (111.352 50.068)
         Placed symbol:  C13 / CAP NP_SMD_C_0805_100NF / SMD_C_0805 at (111.352 46.657)
         Placed symbol:  R33 / RESISTOR_SMD_R_0805_100 / SMD_R_0805 at (111.352 43.246)
         Placed symbol:  C15 / CAP NP_SMD_C_0805_100NF / SMD_C_0805 at (111.352 39.835)
         Placed symbol:  R28 / RESISTOR_SMD_R_0805_100 / SMD_R_0805 at (111.352 36.424)
         Placed symbol:  R27 / RESISTOR_SMD_R_0805_100 / SMD_R_0805 at (111.352 33.013)
         Placed symbol:  C31 / CAP NP_SMD_C_0805_100NF / SMD_C_0805 at (111.352 29.602)
         Placed symbol:  C33 / CAP NP_SMD_C_0805_100NF / SMD_C_0805 at (111.352 26.191)
         Placed symbol:  C35 / CAP NP_SMD_C_0805_100NF / SMD_C_0805 at (111.352 22.780)
         Placed symbol:  C2 / CAP NP_SMD_C_0805_100NF / SMD_C_0805 at (111.352 19.369)
         Placed symbol:  C42 / CAP NP_SMD_C_0805_100NF / SMD_C_0805 at (111.352 15.958)
         Placed symbol:  C43 / CAP NP_SMD_C_0805_100NF / SMD_C_0805 at (111.352 12.547)
         Placed symbol:  C38 / CAP NP_SMD_C_0805_100NF / SMD_C_0805 at (111.352 9.136)
         Placed symbol:  C40 / CAP NP_SMD_C_0805_100NF / SMD_C_0805 at (111.352 5.725)
         Placed symbol:  C44 / CAP NP_SMD_C_0805_100NF / SMD_C_0805 at (2.076 131.621)
         Placed symbol:  C6 / CAP NP_SMD_C_0805_100NF / SMD_C_0805 at (5.002 131.621)
         Placed symbol:  C9 / CAP NP_SMD_C_0805_100NF / SMD_C_0805 at (7.928 131.621)
         Placed symbol:  C16 / CAP NP_SMD_C_0805_18PF / SMD_C_0805 at (10.854 131.621)
         Placed symbol:  C17 / CAP NP_SMD_C_0805_18PF / SMD_C_0805 at (13.780 131.621)
         Placed symbol:  C7 / CAP NP_SMD_C_0805_47UF / SMD_C_0805 at (16.706 131.621)
         Placed symbol:  C1 / CAP NP_SMD_C_0805_47UF / SMD_C_0805 at (19.632 131.621)
         Placed symbol:  C3 / CAP NP_SMD_C_0805_47UF / SMD_C_0805 at (22.558 131.621)
         Placed symbol:  C5 / CAP NP_SMD_C_0805_47UF / SMD_C_0805 at (25.484 131.621)
         Placed symbol:  C21 / CAP NP_SMD_C_0805_47UF / SMD_C_0805 at (28.410 131.621)
         Placed symbol:  C22 / CAP NP_SMD_C_0805_47UF / SMD_C_0805 at (31.336 131.621)
         Placed symbol:  C23 / CAP NP_SMD_C_0805_100NF / SMD_C_0805 at (34.262 131.621)
         Placed symbol:  C25 / CAP NP_SMD_C_0805_100NF / SMD_C_0805 at (37.188 131.621)
         Placed symbol:  L4 / INDUCTOR_SMD_L_0805_BEAD / SMD_L_0805 at (40.114 131.521)
         Placed symbol:  L1 / INDUCTOR_SMD_L_0805_BEAD / SMD_L_0805 at (42.990 131.521)
         Placed symbol:  L2 / INDUCTOR_SMD_L_0805_BEAD / SMD_L_0805 at (45.866 131.521)
         Placed symbol:  L5 / INDUCTOR_SMD_L_0805_BEAD / SMD_L_0805 at (48.742 131.521)
         Placed symbol:  C34 / CAP NP_SMD_C_0805_100NF / SMD_C_0805 at (51.618 131.621)
         Placed symbol:  R29 / RESISTOR_SMD_R_0805_10K / SMD_R_0805 at (54.544 131.621)
         Placed symbol:  R30 / RESISTOR_SMD_R_0805_10K / SMD_R_0805 at (57.470 131.621)
         Placed symbol:  R36 / RESISTOR_SMD_R_0805_10K / SMD_R_0805 at (60.396 131.621)
         Placed symbol:  R37 / RESISTOR_SMD_R_0805_10K / SMD_R_0805 at (63.322 131.621)
         Placed symbol:  R40 / RESISTOR_SMD_R_0805_10K / SMD_R_0805 at (66.248 131.621)
         Placed symbol:  R1 / RESISTOR_SMD_R_0805_10K / SMD_R_0805 at (69.174 131.621)
         Placed symbol:  R39 / RESISTOR_SMD_R_0805_10K / SMD_R_0805 at (72.100 131.621)
         Placed symbol:  R44 / RESISTOR_SMD_R_0805_10K / SMD_R_0805 at (75.026 131.621)
         Placed symbol:  R24 / RESISTOR_SMD_R_0805_1K / SMD_R_0805 at (77.952 131.621)
         Placed symbol:  R32 / RESISTOR_SMD_R_0805_1K / SMD_R_0805 at (80.878 131.621)
         Placed symbol:  R26 / RESISTOR_SMD_R_0805_1K / SMD_R_0805 at (83.804 131.621)
         Placed symbol:  R38 / RESISTOR_SMD_R_0805_1K / SMD_R_0805 at (114.278 91.000)
         Placed symbol:  R20 / RESISTOR_SMD_R_0805_1K / SMD_R_0805 at (114.278 87.589)
         Placed symbol:  R2 / RESISTOR_SMD_R_0805_1K / SMD_R_0805 at (114.278 84.178)
         Placed symbol:  R35 / RESISTOR_SMD_R_0805_2K / SMD_R_0805 at (114.278 80.767)
         Placed symbol:  R23 / RESISTOR_SMD_R_0805_2K / SMD_R_0805 at (114.278 77.356)
         Placed symbol:  R25 / RESISTOR_SMD_R_0805_2K / SMD_R_0805 at (114.278 73.945)
         Placed symbol:  R31 / RESISTOR_SMD_R_0805_2K / SMD_R_0805 at (114.278 70.534)
         Placed symbol:  R18 / RESISTOR_SMD_R_0805_4.7K / SMD_R_0805 at (114.278 67.123)
         Placed symbol:  R4 / RESISTOR_SMD_R_0805_4.7K / SMD_R_0805 at (114.278 63.712)
         Placed symbol:  R41 / RESISTOR_SMD_R_0805_22R / SMD_R_0805 at (114.278 60.301)
         Placed symbol:  R19 / RESISTOR_SMD_R_0805_22R / SMD_R_0805 at (114.278 56.890)
         Placed symbol:  R11 / RESISTOR_SMD_R_0805_22R / SMD_R_0805 at (114.278 53.479)
         Placed symbol:  R15 / RESISTOR_SMD_R_0805_22R / SMD_R_0805 at (114.278 50.068)
         Placed symbol:  R45 / RESISTOR_SMD_R_0805_22R / SMD_R_0805 at (114.278 46.657)
         Placed symbol:  R9 / RESISTOR_SMD_R_0805_22R / SMD_R_0805 at (114.278 43.246)
         Placed symbol:  R42 / RESISTOR_SMD_R_0805_22R / SMD_R_0805 at (114.278 39.835)
         Placed symbol:  R8 / RESISTOR_SMD_R_0805_11.8K/1% / SMD_R_0805 at (114.278 36.424)
         Placed symbol:  C30 / CAP NP_SMD_C_0805_100NF / SMD_C_0805 at (114.278 33.013)
         Placed symbol:  C14 / CAP NP_SMD_C_0805_100NF / SMD_C_0805 at (114.278 29.602)


Placed 120 of 120 applicable (120 total) symbols.

-----------------------------------------------------------------------

